android/build/outputs/logs/manifest-merger-debug-report.txt
-- Merging decision tree log ---
manifest
ADDED from EasyAlgorithm/android/AndroidManifest.xml:2:1-44:12
INJECTED from EasyAlgorithm/android/AndroidManifest.xml:2:1-44:12
INJECTED from EasyAlgorithm/android/AndroidManifest.xml:2:1-44:12
INJECTED from EasyAlgorithm/android/AndroidManifest.xml:2:1-44:12
MERGED from [com.android.support:design:27.1.1] AndroidManifest.xml:17:1-22:12
MERGED from [com.android.support:appcompat-v7:27.1.1] AndroidManifest.xml:17:1-22:12
MERGED from [com.android.support.constraint:constraint-layout:1.1.3] AndroidManifest.xml:2:1-11:12
MERGED from [com.android.support:support-v4:27.1.1] AndroidManifest.xml:17:1-22:12
MERGED from [com.android.support:support-fragment:27.1.1] AndroidManifest.xml:17:1-22:12
MERGED from [com.android.support:animated-vector-drawable:27.1.1] AndroidManifest.xml:17:1-22:12
MERGED from [com.android.support:recyclerview-v7:27.1.1] AndroidManifest.xml:17:1-22:12
MERGED from [com.android.support:support-core-ui:27.1.1] AndroidManifest.xml:17:1-22:12
MERGED from [com.android.support:support-core-utils:27.1.1] AndroidManifest.xml:17:1-22:12
MERGED from [com.android.support:support-vector-drawable:27.1.1] AndroidManifest.xml:17:1-22:12
MERGED from [com.android.support:transition:27.1.1] AndroidManifest.xml:17:1-22:12
MERGED from [com.android.support:support-media-compat:27.1.1] AndroidManifest.xml:17:1-22:12
MERGED from [com.android.support:support-compat:27.1.1] AndroidManifest.xml:17:1-22:12
MERGED from [android.arch.lifecycle:livedata-core:1.1.0] AndroidManifest.xml:17:1-22:12
MERGED from [android.arch.lifecycle:viewmodel:1.1.0] AndroidManifest.xml:17:1-22:12
MERGED from [android.arch.lifecycle:runtime:1.1.0] AndroidManifest.xml:17:1-22:12
MERGED from [android.arch.core:runtime:1.1.0] AndroidManifest.xml:17:1-22:12
INJECTED from EasyAlgorithm/android/AndroidManifest.xml:2:1-44:12
INJECTED from EasyAlgorithm/android/AndroidManifest.xml:2:1-44:12
INJECTED from EasyAlgorithm/android/AndroidManifest.xml:2:1-44:12
	package
		ADDED from EasyAlgorithm/android/AndroidManifest.xml:4:5-40
		INJECTED from EasyAlgorithm/android/AndroidManifest.xml
		INJECTED from EasyAlgorithm/android/AndroidManifest.xml
	android:versionName
		ADDED from EasyAlgorithm/android/AndroidManifest.xml:6:5-30
		INJECTED from EasyAlgorithm/android/AndroidManifest.xml
		INJECTED from EasyAlgorithm/android/AndroidManifest.xml
	xmlns:tools
		ADDED from EasyAlgorithm/android/AndroidManifest.xml:3:5-51
	xmlns:android
		ADDED from EasyAlgorithm/android/AndroidManifest.xml:2:11-69
	android:versionCode
		ADDED from EasyAlgorithm/android/AndroidManifest.xml:5:5-28
		INJECTED from EasyAlgorithm/android/AndroidManifest.xml
		INJECTED from EasyAlgorithm/android/AndroidManifest.xml
uses-permission#android.permission.INTERNET
ADDED from EasyAlgorithm/android/AndroidManifest.xml:8:5-67
	android:name
		ADDED from EasyAlgorithm/android/AndroidManifest.xml:8:22-64
application
ADDED from EasyAlgorithm/android/AndroidManifest.xml:10:5-42:19
MERGED from [com.android.support.constraint:constraint-layout:1.1.3] AndroidManifest.xml:9:5-20
MERGED from [com.android.support.constraint:constraint-layout:1.1.3] AndroidManifest.xml:9:5-20
	android:label
		ADDED from EasyAlgorithm/android/AndroidManifest.xml:14:9-41
	tools:ignore
		ADDED from EasyAlgorithm/android/AndroidManifest.xml:16:9-48
	android:icon
		ADDED from EasyAlgorithm/android/AndroidManifest.xml:13:9-45
	android:allowBackup
		ADDED from EasyAlgorithm/android/AndroidManifest.xml:12:9-35
	android:theme
		ADDED from EasyAlgorithm/android/AndroidManifest.xml:15:9-40
	android:name
		ADDED from EasyAlgorithm/android/AndroidManifest.xml:11:9-45
activity#com.danny_jiang.algorithm.MainActivity
ADDED from EasyAlgorithm/android/AndroidManifest.xml:18:9-23:20
	android:name
		ADDED from EasyAlgorithm/android/AndroidManifest.xml:18:19-47
intent-filter#action:name:android.intent.action.MAIN+category:name:android.intent.category.LAUNCHER
ADDED from EasyAlgorithm/android/AndroidManifest.xml:19:13-22:29
action#android.intent.action.MAIN
ADDED from EasyAlgorithm/android/AndroidManifest.xml:20:17-69
	android:name
		ADDED from EasyAlgorithm/android/AndroidManifest.xml:20:25-66
category#android.intent.category.LAUNCHER
ADDED from EasyAlgorithm/android/AndroidManifest.xml:21:17-77
	android:name
		ADDED from EasyAlgorithm/android/AndroidManifest.xml:21:27-74
activity#com.danny_jiang.algorithm.bubble_sort.BubbleSortActivity
ADDED from EasyAlgorithm/android/AndroidManifest.xml:25:9-27:20
	android:name
		ADDED from EasyAlgorithm/android/AndroidManifest.xml:25:19-65
activity#com.danny_jiang.algorithm.kruskal_mst.KruskalMSTAlgoActivity
ADDED from EasyAlgorithm/android/AndroidManifest.xml:29:9-30:20
	android:name
		ADDED from EasyAlgorithm/android/AndroidManifest.xml:29:19-69
activity#com.danny_jiang.algorithm.heap_sort.HeapSortActivity
ADDED from EasyAlgorithm/android/AndroidManifest.xml:32:9-34:20
	android:name
		ADDED from EasyAlgorithm/android/AndroidManifest.xml:32:19-61
activity#com.danny_jiang.algorithm.breath_first_search.BreathFirstSearchActivity
ADDED from EasyAlgorithm/android/AndroidManifest.xml:36:9-38:20
	android:name
		ADDED from EasyAlgorithm/android/AndroidManifest.xml:36:19-80
activity#com.danny_jiang.algorithm.quick_sort.QuickSortActivity
ADDED from EasyAlgorithm/android/AndroidManifest.xml:40:9-65
	android:name
		ADDED from EasyAlgorithm/android/AndroidManifest.xml:40:19-63
uses-sdk
INJECTED from EasyAlgorithm/android/AndroidManifest.xml reason: use-sdk injection requested
INJECTED from EasyAlgorithm/android/AndroidManifest.xml
INJECTED from EasyAlgorithm/android/AndroidManifest.xml
MERGED from [com.android.support:design:27.1.1] AndroidManifest.xml:20:5-44
MERGED from [com.android.support:design:27.1.1] AndroidManifest.xml:20:5-44
MERGED from [com.android.support:appcompat-v7:27.1.1] AndroidManifest.xml:20:5-44
MERGED from [com.android.support:appcompat-v7:27.1.1] AndroidManifest.xml:20:5-44
MERGED from [com.android.support.constraint:constraint-layout:1.1.3] AndroidManifest.xml:5:5-7:41
MERGED from [com.android.support.constraint:constraint-layout:1.1.3] AndroidManifest.xml:5:5-7:41
MERGED from [com.android.support:support-v4:27.1.1] AndroidManifest.xml:20:5-44
MERGED from [com.android.support:support-v4:27.1.1] AndroidManifest.xml:20:5-44
MERGED from [com.android.support:support-fragment:27.1.1] AndroidManifest.xml:20:5-44
MERGED from [com.android.support:support-fragment:27.1.1] AndroidManifest.xml:20:5-44
MERGED from [com.android.support:animated-vector-drawable:27.1.1] AndroidManifest.xml:20:5-44
MERGED from [com.android.support:animated-vector-drawable:27.1.1] AndroidManifest.xml:20:5-44
MERGED from [com.android.support:recyclerview-v7:27.1.1] AndroidManifest.xml:20:5-44
MERGED from [com.android.support:recyclerview-v7:27.1.1] AndroidManifest.xml:20:5-44
MERGED from [com.android.support:support-core-ui:27.1.1] AndroidManifest.xml:20:5-44
MERGED from [com.android.support:support-core-ui:27.1.1] AndroidManifest.xml:20:5-44
MERGED from [com.android.support:support-core-utils:27.1.1] AndroidManifest.xml:20:5-44
MERGED from [com.android.support:support-core-utils:27.1.1] AndroidManifest.xml:20:5-44
MERGED from [com.android.support:support-vector-drawable:27.1.1] AndroidManifest.xml:20:5-44
MERGED from [com.android.support:support-vector-drawable:27.1.1] AndroidManifest.xml:20:5-44
MERGED from [com.android.support:transition:27.1.1] AndroidManifest.xml:20:5-44
MERGED from [com.android.support:transition:27.1.1] AndroidManifest.xml:20:5-44
MERGED from [com.android.support:support-media-compat:27.1.1] AndroidManifest.xml:20:5-44
MERGED from [com.android.support:support-media-compat:27.1.1] AndroidManifest.xml:20:5-44
MERGED from [com.android.support:support-compat:27.1.1] AndroidManifest.xml:20:5-44
MERGED from [com.android.support:support-compat:27.1.1] AndroidManifest.xml:20:5-44
MERGED from [android.arch.lifecycle:livedata-core:1.1.0] AndroidManifest.xml:20:5-44
MERGED from [android.arch.lifecycle:livedata-core:1.1.0] AndroidManifest.xml:20:5-44
MERGED from [android.arch.lifecycle:viewmodel:1.1.0] AndroidManifest.xml:20:5-44
MERGED from [android.arch.lifecycle:viewmodel:1.1.0] AndroidManifest.xml:20:5-44
MERGED from [android.arch.lifecycle:runtime:1.1.0] AndroidManifest.xml:20:5-44
MERGED from [android.arch.lifecycle:runtime:1.1.0] AndroidManifest.xml:20:5-44
MERGED from [android.arch.core:runtime:1.1.0] AndroidManifest.xml:20:5-44
MERGED from [android.arch.core:runtime:1.1.0] AndroidManifest.xml:20:5-44
INJECTED from EasyAlgorithm/android/AndroidManifest.xml
INJECTED from EasyAlgorithm/android/AndroidManifest.xml
	android:targetSdkVersion
		INJECTED from EasyAlgorithm/android/AndroidManifest.xml
		ADDED from EasyAlgorithm/android/AndroidManifest.xml
		INJECTED from EasyAlgorithm/android/AndroidManifest.xml
	android:minSdkVersion
		INJECTED from EasyAlgorithm/android/AndroidManifest.xml
		ADDED from EasyAlgorithm/android/AndroidManifest.xml
		INJECTED from EasyAlgorithm/android/AndroidManifest.xml